-------------------------------------------------------------------------------
Test set: h02_Opdracht02.BeerDaoTest
-------------------------------------------------------------------------------
Tests run: 1, Failures: 0, Errors: 1, Skipped: 0, Time elapsed: 1.89 s <<< FAILURE! - in h02_Opdracht02.BeerDaoTest
testGetBeerById  Time elapsed: 0 s  <<< ERROR!
java.lang.IllegalStateException: Failed to load ApplicationContext
Caused by: org.springframework.beans.factory.UnsatisfiedDependencyException: Error creating bean with name 'beerDao': Unsatisfied dependency expressed through method 'SetJdbcTemplate' parameter 0; nested exception is org.springframework.beans.factory.UnsatisfiedDependencyException: Error creating bean with name 'org.springframework.boot.autoconfigure.jdbc.JdbcTemplateAutoConfiguration$JdbcTemplateConfiguration': Unsatisfied dependency expressed through constructor parameter 0; nested exception is org.springframework.beans.factory.BeanCreationException: Error creating bean with name 'dataSource' defined in class path resource [org/springframework/boot/autoconfigure/jdbc/DataSourceConfiguration$Hikari.class]: Initialization of bean failed; nested exception is org.springframework.beans.factory.BeanCreationException: Error creating bean with name 'org.springframework.boot.autoconfigure.jdbc.DataSourceInitializerInvoker': Invocation of init method failed; nested exception is org.springframework.jdbc.datasource.init.ScriptStatementFailedException: Failed to execute SQL script statement #1 of URL [file:/I:/Eclipse_Java11/AllTopics/SpringHomeVersion/SpringIntellij/H02_EntrepriseSpring_Opdracht02_JDBCinSpring/target/classes/schema.sql]: CREATE TABLE IF NOT EXISTS Beers( Id INTEGER NOT NULL, Name VARCHAR(100), BrewerId INTEGER, CategoryId INTEGER, Price FLOAT, Stock INTEGER, Alcohol FLOAT, Version INTEGER, Image LONGBLOB, PRIMARY KEY (Id) ); nested exception is java.sql.SQLSyntaxErrorException: type not found or user lacks privilege: LONGBLOB
Caused by: org.springframework.beans.factory.UnsatisfiedDependencyException: Error creating bean with name 'org.springframework.boot.autoconfigure.jdbc.JdbcTemplateAutoConfiguration$JdbcTemplateConfiguration': Unsatisfied dependency expressed through constructor parameter 0; nested exception is org.springframework.beans.factory.BeanCreationException: Error creating bean with name 'dataSource' defined in class path resource [org/springframework/boot/autoconfigure/jdbc/DataSourceConfiguration$Hikari.class]: Initialization of bean failed; nested exception is org.springframework.beans.factory.BeanCreationException: Error creating bean with name 'org.springframework.boot.autoconfigure.jdbc.DataSourceInitializerInvoker': Invocation of init method failed; nested exception is org.springframework.jdbc.datasource.init.ScriptStatementFailedException: Failed to execute SQL script statement #1 of URL [file:/I:/Eclipse_Java11/AllTopics/SpringHomeVersion/SpringIntellij/H02_EntrepriseSpring_Opdracht02_JDBCinSpring/target/classes/schema.sql]: CREATE TABLE IF NOT EXISTS Beers( Id INTEGER NOT NULL, Name VARCHAR(100), BrewerId INTEGER, CategoryId INTEGER, Price FLOAT, Stock INTEGER, Alcohol FLOAT, Version INTEGER, Image LONGBLOB, PRIMARY KEY (Id) ); nested exception is java.sql.SQLSyntaxErrorException: type not found or user lacks privilege: LONGBLOB
Caused by: org.springframework.beans.factory.BeanCreationException: Error creating bean with name 'dataSource' defined in class path resource [org/springframework/boot/autoconfigure/jdbc/DataSourceConfiguration$Hikari.class]: Initialization of bean failed; nested exception is org.springframework.beans.factory.BeanCreationException: Error creating bean with name 'org.springframework.boot.autoconfigure.jdbc.DataSourceInitializerInvoker': Invocation of init method failed; nested exception is org.springframework.jdbc.datasource.init.ScriptStatementFailedException: Failed to execute SQL script statement #1 of URL [file:/I:/Eclipse_Java11/AllTopics/SpringHomeVersion/SpringIntellij/H02_EntrepriseSpring_Opdracht02_JDBCinSpring/target/classes/schema.sql]: CREATE TABLE IF NOT EXISTS Beers( Id INTEGER NOT NULL, Name VARCHAR(100), BrewerId INTEGER, CategoryId INTEGER, Price FLOAT, Stock INTEGER, Alcohol FLOAT, Version INTEGER, Image LONGBLOB, PRIMARY KEY (Id) ); nested exception is java.sql.SQLSyntaxErrorException: type not found or user lacks privilege: LONGBLOB
Caused by: org.springframework.beans.factory.BeanCreationException: Error creating bean with name 'org.springframework.boot.autoconfigure.jdbc.DataSourceInitializerInvoker': Invocation of init method failed; nested exception is org.springframework.jdbc.datasource.init.ScriptStatementFailedException: Failed to execute SQL script statement #1 of URL [file:/I:/Eclipse_Java11/AllTopics/SpringHomeVersion/SpringIntellij/H02_EntrepriseSpring_Opdracht02_JDBCinSpring/target/classes/schema.sql]: CREATE TABLE IF NOT EXISTS Beers( Id INTEGER NOT NULL, Name VARCHAR(100), BrewerId INTEGER, CategoryId INTEGER, Price FLOAT, Stock INTEGER, Alcohol FLOAT, Version INTEGER, Image LONGBLOB, PRIMARY KEY (Id) ); nested exception is java.sql.SQLSyntaxErrorException: type not found or user lacks privilege: LONGBLOB
Caused by: org.springframework.jdbc.datasource.init.ScriptStatementFailedException: Failed to execute SQL script statement #1 of URL [file:/I:/Eclipse_Java11/AllTopics/SpringHomeVersion/SpringIntellij/H02_EntrepriseSpring_Opdracht02_JDBCinSpring/target/classes/schema.sql]: CREATE TABLE IF NOT EXISTS Beers( Id INTEGER NOT NULL, Name VARCHAR(100), BrewerId INTEGER, CategoryId INTEGER, Price FLOAT, Stock INTEGER, Alcohol FLOAT, Version INTEGER, Image LONGBLOB, PRIMARY KEY (Id) ); nested exception is java.sql.SQLSyntaxErrorException: type not found or user lacks privilege: LONGBLOB
Caused by: java.sql.SQLSyntaxErrorException: type not found or user lacks privilege: LONGBLOB
Caused by: org.hsqldb.HsqlException: type not found or user lacks privilege: LONGBLOB

